<?xml version="1.0" encoding="UTF-8" ?>
<testsuite tests="1" failures="0" name="epam.p1.mavendemo.AppTest" time="0.026" errors="0" skipped="0">
  <properties>
    <property name="java.runtime.name" value="Java(TM) SE Runtime Environment"/>
    <property name="sun.boot.library.path" value="D:\New folder\bin"/>
    <property name="java.vm.version" value="25.231-b11"/>
    <property name="java.vm.vendor" value="Oracle Corporation"/>
    <property name="maven.multiModuleProjectDirectory" value="D:\New folder (3)\mavendemo"/>
    <property name="java.vendor.url" value="http://java.oracle.com/"/>
    <property name="path.separator" value=";"/>
    <property name="guice.disable.misplaced.annotation.check" value="true"/>
    <property name="java.vm.name" value="Java HotSpot(TM) 64-Bit Server VM"/>
    <property name="file.encoding.pkg" value="sun.io"/>
    <property name="user.script" value=""/>
    <property name="user.country" value="US"/>
    <property name="sun.java.launcher" value="SUN_STANDARD"/>
    <property name="sun.os.patch.level" value=""/>
    <property name="java.vm.specification.name" value="Java Virtual Machine Specification"/>
    <property name="user.dir" value="D:\New folder (3)\mavendemo"/>
    <property name="java.runtime.version" value="1.8.0_231-b11"/>
    <property name="java.awt.graphicsenv" value="sun.awt.Win32GraphicsEnvironment"/>
    <property name="java.endorsed.dirs" value="D:\New folder\lib\endorsed"/>
    <property name="os.arch" value="amd64"/>
    <property name="java.io.tmpdir" value="C:\Users\Dell\AppData\Local\Temp\"/>
    <property name="line.separator" value="
"/>
    <property name="java.vm.specification.vendor" value="Oracle Corporation"/>
    <property name="user.variant" value=""/>
    <property name="os.name" value="Windows 10"/>
    <property name="classworlds.conf" value="D:\New folder (3)\.metadata\.plugins\org.eclipse.m2e.launching\launches\m2conf1464068717543804282.tmp"/>
    <property name="sun.jnu.encoding" value="Cp1252"/>
    <property name="java.library.path" value="D:\New folder\bin;C:\Windows\Sun\Java\bin;C:\Windows\system32;C:\Windows;D:/New folder/bin/server;D:/New folder/bin;D:/New folder/lib/amd64;&quot;C:\Program Files (x86)\Java\jdk1.8.0_191\bin;&quot;;C:\Program Files (x86)\Java\jdk1.8.0_191\bin;C:\Program Files\Intel\WiFi\bin\;C:\Program Files\Common Files\Intel\WirelessCommon\;C:\Program Files\Java\jdk-13.0.1\bin;C:\Program Files\Git\cmd;C:\Users\Dell\AppData\Local\Microsoft\WindowsApps;C:\Users\Dell\Desktop;;."/>
    <property name="java.specification.name" value="Java Platform API Specification"/>
    <property name="java.class.version" value="52.0"/>
    <property name="sun.management.compiler" value="HotSpot 64-Bit Tiered Compilers"/>
    <property name="os.version" value="10.0"/>
    <property name="user.home" value="C:\Users\Dell"/>
    <property name="user.timezone" value="Asia/Calcutta"/>
    <property name="java.awt.printerjob" value="sun.awt.windows.WPrinterJob"/>
    <property name="java.specification.version" value="1.8"/>
    <property name="file.encoding" value="Cp1252"/>
    <property name="user.name" value="Dell"/>
    <property name="java.class.path" value="C:\Users\Dell\.p2\pool\plugins\org.eclipse.m2e.maven.runtime_1.14.0.20191209-1923\jars\plexus-classworlds-2.6.0.jar"/>
    <property name="java.vm.specification.version" value="1.8"/>
    <property name="sun.arch.data.model" value="64"/>
    <property name="java.home" value="D:\New folder"/>
    <property name="sun.java.command" value="org.codehaus.plexus.classworlds.launcher.Launcher -B install"/>
    <property name="java.specification.vendor" value="Oracle Corporation"/>
    <property name="user.language" value="en"/>
    <property name="awt.toolkit" value="sun.awt.windows.WToolkit"/>
    <property name="java.vm.info" value="mixed mode"/>
    <property name="java.version" value="1.8.0_231"/>
    <property name="java.ext.dirs" value="D:\New folder\lib\ext;C:\Windows\Sun\Java\lib\ext"/>
    <property name="sun.boot.class.path" value="D:\New folder\lib\resources.jar;C:\Program Files (x86)\Java\jdk1.8.0_191\src.zip;D:\New folder\lib\rt.jar;D:\New folder\lib\jsse.jar;D:\New folder\lib\jce.jar;D:\New folder\lib\charsets.jar;D:\New folder\lib\jfr.jar;C:\Program Files (x86)\Java\jdk1.8.0_191\src.zip;C:\Program Files (x86)\Java\jdk1.8.0_191\lib\ant-javafx.jar;C:\Program Files (x86)\Java\jdk1.8.0_191\lib\dt.jar;C:\Program Files (x86)\Java\jdk1.8.0_191\lib\javafx-mx.jar;C:\Program Files (x86)\Java\jdk1.8.0_191\lib\jconsole.jar;C:\Program Files (x86)\Java\jdk1.8.0_191\lib\packager.jar;C:\Program Files (x86)\Java\jdk1.8.0_191\lib\sa-jdi.jar;C:\Program Files (x86)\Java\jdk1.8.0_191\lib\tools.jar"/>
    <property name="java.vendor" value="Oracle Corporation"/>
    <property name="maven.home" value="D:\New folder (3)\mavendemo\EMBEDDED"/>
    <property name="file.separator" value="\"/>
    <property name="java.vendor.url.bug" value="http://bugreport.sun.com/bugreport/"/>
    <property name="sun.cpu.endian" value="little"/>
    <property name="sun.io.unicode.encoding" value="UnicodeLittle"/>
    <property name="sun.desktop" value="windows"/>
    <property name="sun.cpu.isalist" value="amd64"/>
  </properties>
  <testcase classname="epam.p1.mavendemo.AppTest" name="testApp" time="0.026"/>
</testsuite>